{"C:\\Users\\seavs\\OneDrive\\Masaüstü\\pern-todo\\server\\app.ts": {"path":"C:\\Users\\seavs\\OneDrive\\Masaüstü\\pern-todo\\server\\app.ts","statementMap":{"0":{"start":{"line":1,"column":0},"end":{"line":1,"column":28}},"1":{"start":{"line":2,"column":0},"end":{"line":2,"column":43}},"2":{"start":{"line":3,"column":0},"end":{"line":3,"column":53}},"3":{"start":{"line":4,"column":0},"end":{"line":4,"column":24}},"4":{"start":{"line":5,"column":0},"end":{"line":5,"column":28}},"5":{"start":{"line":6,"column":0},"end":{"line":6,"column":24}},"6":{"start":{"line":7,"column":0},"end":{"line":7,"column":23}},"7":{"start":{"line":9,"column":0},"end":{"line":9,"column":39}},"8":{"start":{"line":10,"column":0},"end":{"line":10,"column":47}},"9":{"start":{"line":11,"column":0},"end":{"line":11,"column":43}},"10":{"start":{"line":12,"column":0},"end":{"line":12,"column":41}},"11":{"start":{"line":13,"column":0},"end":{"line":13,"column":39}},"12":{"start":{"line":14,"column":0},"end":{"line":14,"column":43}},"13":{"start":{"line":16,"column":12},"end":{"line":16,"column":21}},"14":{"start":{"line":18,"column":16},"end":{"line":23,"column":2}},"15":{"start":{"line":25,"column":20},"end":{"line":30,"column":2}},"16":{"start":{"line":32,"column":0},"end":{"line":32,"column":18}},"17":{"start":{"line":33,"column":0},"end":{"line":38,"column":2}},"18":{"start":{"line":40,"column":0},"end":{"line":40,"column":25}},"19":{"start":{"line":41,"column":0},"end":{"line":41,"column":34}},"20":{"start":{"line":44,"column":0},"end":{"line":44,"column":74}},"21":{"start":{"line":46,"column":0},"end":{"line":46,"column":24}},"22":{"start":{"line":47,"column":0},"end":{"line":47,"column":23}},"23":{"start":{"line":49,"column":0},"end":{"line":57,"column":3}},"24":{"start":{"line":50,"column":2},"end":{"line":56,"column":3}},"25":{"start":{"line":51,"column":19},"end":{"line":51,"column":83}},"26":{"start":{"line":52,"column":4},"end":{"line":52,"column":26}},"27":{"start":{"line":54,"column":4},"end":{"line":54,"column":55}},"28":{"start":{"line":55,"column":4},"end":{"line":55,"column":54}},"29":{"start":{"line":59,"column":0},"end":{"line":59,"column":37}},"30":{"start":{"line":60,"column":0},"end":{"line":60,"column":35}},"31":{"start":{"line":61,"column":0},"end":{"line":61,"column":33}},"32":{"start":{"line":62,"column":0},"end":{"line":62,"column":37}},"33":{"start":{"line":63,"column":0},"end":{"line":63,"column":33}},"34":{"start":{"line":64,"column":0},"end":{"line":64,"column":41}},"35":{"start":{"line":66,"column":0},"end":{"line":66,"column":81}},"36":{"start":{"line":66,"column":53},"end":{"line":66,"column":79}},"37":{"start":{"line":68,"column":0},"end":{"line":68,"column":19}}},"fnMap":{"0":{"name":"(anonymous_1)","decl":{"start":{"line":49,"column":24},"end":{"line":49,"column":29}},"loc":{"start":{"line":49,"column":63},"end":{"line":57,"column":1}}},"1":{"name":"(anonymous_2)","decl":{"start":{"line":66,"column":19},"end":{"line":66,"column":20}},"loc":{"start":{"line":66,"column":53},"end":{"line":66,"column":79}}}},"branchMap":{},"s":{"0":5,"1":5,"2":5,"3":5,"4":5,"5":5,"6":5,"7":5,"8":5,"9":5,"10":5,"11":5,"12":5,"13":5,"14":5,"15":5,"16":5,"17":5,"18":5,"19":5,"20":5,"21":5,"22":5,"23":5,"24":3,"25":3,"26":2,"27":1,"28":1,"29":5,"30":5,"31":5,"32":5,"33":5,"34":5,"35":5,"36":1,"37":5},"f":{"0":3,"1":1},"b":{}}
,"C:\\Users\\seavs\\OneDrive\\Masaüstü\\pern-todo\\server\\schemas.ts": {"path":"C:\\Users\\seavs\\OneDrive\\Masaüstü\\pern-todo\\server\\schemas.ts","statementMap":{"0":{"start":{"line":1,"column":0},"end":{"line":1,"column":24}},"1":{"start":{"line":3,"column":13},"end":{"line":11,"column":3}},"2":{"start":{"line":13,"column":13},"end":{"line":16,"column":3}},"3":{"start":{"line":18,"column":13},"end":{"line":29,"column":3}},"4":{"start":{"line":31,"column":13},"end":{"line":35,"column":3}},"5":{"start":{"line":37,"column":13},"end":{"line":40,"column":3}},"6":{"start":{"line":42,"column":13},"end":{"line":44,"column":3}},"7":{"start":{"line":46,"column":13},"end":{"line":48,"column":3}}},"fnMap":{},"branchMap":{},"s":{"0":6,"1":6,"2":6,"3":6,"4":6,"5":6,"6":6,"7":6},"f":{},"b":{}}
,"C:\\Users\\seavs\\OneDrive\\Masaüstü\\pern-todo\\server\\middleware\\validate.ts": {"path":"C:\\Users\\seavs\\OneDrive\\Masaüstü\\pern-todo\\server\\middleware\\validate.ts","statementMap":{"0":{"start":{"line":5,"column":2},"end":{"line":17,"column":3}},"1":{"start":{"line":6,"column":2},"end":{"line":17,"column":3}},"2":{"start":{"line":7,"column":19},"end":{"line":7,"column":45}},"3":{"start":{"line":8,"column":4},"end":{"line":14,"column":5}},"4":{"start":{"line":9,"column":6},"end":{"line":12,"column":9}},"5":{"start":{"line":13,"column":6},"end":{"line":13,"column":13}},"6":{"start":{"line":15,"column":4},"end":{"line":15,"column":27}},"7":{"start":{"line":16,"column":4},"end":{"line":16,"column":11}},"8":{"start":{"line":19,"column":0},"end":{"line":19,"column":24}}},"fnMap":{"0":{"name":"(anonymous_0)","decl":{"start":{"line":5,"column":2},"end":{"line":5,"column":3}},"loc":{"start":{"line":6,"column":2},"end":{"line":17,"column":3}}},"1":{"name":"(anonymous_1)","decl":{"start":{"line":6,"column":2},"end":{"line":6,"column":3}},"loc":{"start":{"line":6,"column":60},"end":{"line":17,"column":3}}}},"branchMap":{"0":{"loc":{"start":{"line":8,"column":4},"end":{"line":14,"column":5}},"type":"if","locations":[{"start":{"line":8,"column":4},"end":{"line":14,"column":5}},{"start":{},"end":{}}]}},"s":{"0":5,"1":35,"2":34,"3":34,"4":14,"5":14,"6":20,"7":20,"8":5},"f":{"0":35,"1":34},"b":{"0":[14,20]}}
,"C:\\Users\\seavs\\OneDrive\\Masaüstü\\pern-todo\\server\\routes\\admin.ts": {"path":"C:\\Users\\seavs\\OneDrive\\Masaüstü\\pern-todo\\server\\routes\\admin.ts","statementMap":{"0":{"start":{"line":1,"column":0},"end":{"line":1,"column":67}},"1":{"start":{"line":2,"column":0},"end":{"line":2,"column":31}},"2":{"start":{"line":3,"column":0},"end":{"line":3,"column":25}},"3":{"start":{"line":4,"column":0},"end":{"line":4,"column":46}},"4":{"start":{"line":5,"column":0},"end":{"line":5,"column":72}},"5":{"start":{"line":8,"column":15},"end":{"line":8,"column":31}},"6":{"start":{"line":9,"column":19},"end":{"line":9,"column":78}},"7":{"start":{"line":12,"column":18},"end":{"line":34,"column":1}},"8":{"start":{"line":13,"column":15},"end":{"line":13,"column":40}},"9":{"start":{"line":14,"column":2},"end":{"line":17,"column":3}},"10":{"start":{"line":15,"column":4},"end":{"line":15,"column":53}},"11":{"start":{"line":16,"column":4},"end":{"line":16,"column":11}},"12":{"start":{"line":18,"column":2},"end":{"line":33,"column":3}},"13":{"start":{"line":19,"column":18},"end":{"line":19,"column":36}},"14":{"start":{"line":20,"column":20},"end":{"line":20,"column":64}},"15":{"start":{"line":21,"column":19},"end":{"line":23,"column":null}},"16":{"start":{"line":25,"column":4},"end":{"line":28,"column":5}},"17":{"start":{"line":26,"column":6},"end":{"line":26,"column":63}},"18":{"start":{"line":27,"column":6},"end":{"line":27,"column":13}},"19":{"start":{"line":29,"column":4},"end":{"line":29,"column":27}},"20":{"start":{"line":30,"column":4},"end":{"line":30,"column":11}},"21":{"start":{"line":32,"column":4},"end":{"line":32,"column":54}},"22":{"start":{"line":37,"column":0},"end":{"line":58,"column":3}},"23":{"start":{"line":38,"column":2},"end":{"line":57,"column":3}},"24":{"start":{"line":39,"column":19},"end":{"line":53,"column":6}},"25":{"start":{"line":54,"column":4},"end":{"line":54,"column":26}},"26":{"start":{"line":56,"column":4},"end":{"line":56,"column":60}},"27":{"start":{"line":61,"column":0},"end":{"line":81,"column":2}},"28":{"start":{"line":66,"column":23},"end":{"line":66,"column":53}},"29":{"start":{"line":67,"column":4},"end":{"line":79,"column":5}},"30":{"start":{"line":68,"column":21},"end":{"line":70,"column":null}},"31":{"start":{"line":72,"column":6},"end":{"line":75,"column":7}},"32":{"start":{"line":73,"column":8},"end":{"line":73,"column":62}},"33":{"start":{"line":74,"column":8},"end":{"line":74,"column":15}},"34":{"start":{"line":76,"column":6},"end":{"line":76,"column":31}},"35":{"start":{"line":78,"column":6},"end":{"line":78,"column":62}},"36":{"start":{"line":84,"column":0},"end":{"line":91,"column":3}},"37":{"start":{"line":85,"column":2},"end":{"line":90,"column":3}},"38":{"start":{"line":86,"column":19},"end":{"line":86,"column":80}},"39":{"start":{"line":87,"column":4},"end":{"line":87,"column":26}},"40":{"start":{"line":89,"column":4},"end":{"line":89,"column":60}},"41":{"start":{"line":94,"column":0},"end":{"line":114,"column":2}},"42":{"start":{"line":99,"column":31},"end":{"line":99,"column":69}},"43":{"start":{"line":100,"column":4},"end":{"line":112,"column":5}},"44":{"start":{"line":101,"column":21},"end":{"line":103,"column":null}},"45":{"start":{"line":105,"column":6},"end":{"line":108,"column":7}},"46":{"start":{"line":106,"column":8},"end":{"line":106,"column":59}},"47":{"start":{"line":107,"column":8},"end":{"line":107,"column":15}},"48":{"start":{"line":109,"column":6},"end":{"line":109,"column":31}},"49":{"start":{"line":111,"column":6},"end":{"line":111,"column":62}},"50":{"start":{"line":117,"column":0},"end":{"line":140,"column":3}},"51":{"start":{"line":118,"column":2},"end":{"line":139,"column":3}},"52":{"start":{"line":119,"column":50},"end":{"line":130,"column":6}},"53":{"start":{"line":131,"column":4},"end":{"line":136,"column":7}},"54":{"start":{"line":138,"column":4},"end":{"line":138,"column":60}},"55":{"start":{"line":142,"column":0},"end":{"line":142,"column":22}}},"fnMap":{"0":{"name":"(anonymous_1)","decl":{"start":{"line":12,"column":18},"end":{"line":12,"column":23}},"loc":{"start":{"line":12,"column":91},"end":{"line":34,"column":1}}},"1":{"name":"(anonymous_2)","decl":{"start":{"line":37,"column":33},"end":{"line":37,"column":38}},"loc":{"start":{"line":37,"column":72},"end":{"line":58,"column":1}}},"2":{"name":"(anonymous_3)","decl":{"start":{"line":65,"column":2},"end":{"line":65,"column":7}},"loc":{"start":{"line":65,"column":40},"end":{"line":80,"column":3}}},"3":{"name":"(anonymous_4)","decl":{"start":{"line":84,"column":34},"end":{"line":84,"column":39}},"loc":{"start":{"line":84,"column":73},"end":{"line":91,"column":1}}},"4":{"name":"(anonymous_5)","decl":{"start":{"line":98,"column":2},"end":{"line":98,"column":7}},"loc":{"start":{"line":98,"column":40},"end":{"line":113,"column":3}}},"5":{"name":"(anonymous_6)","decl":{"start":{"line":117,"column":32},"end":{"line":117,"column":37}},"loc":{"start":{"line":117,"column":71},"end":{"line":140,"column":1}}}},"branchMap":{"0":{"loc":{"start":{"line":9,"column":19},"end":{"line":9,"column":78}},"type":"binary-expr","locations":[{"start":{"line":9,"column":19},"end":{"line":9,"column":41}},{"start":{"line":9,"column":45},"end":{"line":9,"column":78}}]},"1":{"loc":{"start":{"line":14,"column":2},"end":{"line":17,"column":3}},"type":"if","locations":[{"start":{"line":14,"column":2},"end":{"line":17,"column":3}},{"start":{},"end":{}}]},"2":{"loc":{"start":{"line":14,"column":6},"end":{"line":14,"column":42}},"type":"binary-expr","locations":[{"start":{"line":14,"column":6},"end":{"line":14,"column":11}},{"start":{"line":14,"column":15},"end":{"line":14,"column":42}}]},"3":{"loc":{"start":{"line":25,"column":4},"end":{"line":28,"column":5}},"type":"if","locations":[{"start":{"line":25,"column":4},"end":{"line":28,"column":5}},{"start":{},"end":{}}]},"4":{"loc":{"start":{"line":72,"column":6},"end":{"line":75,"column":7}},"type":"if","locations":[{"start":{"line":72,"column":6},"end":{"line":75,"column":7}},{"start":{},"end":{}}]},"5":{"loc":{"start":{"line":105,"column":6},"end":{"line":108,"column":7}},"type":"if","locations":[{"start":{"line":105,"column":6},"end":{"line":108,"column":7}},{"start":{},"end":{}}]}},"s":{"0":5,"1":5,"2":5,"3":5,"4":5,"5":5,"6":5,"7":5,"8":18,"9":18,"10":1,"11":1,"12":17,"13":17,"14":17,"15":16,"16":16,"17":2,"18":2,"19":14,"20":14,"21":1,"22":5,"23":1,"24":1,"25":1,"26":0,"27":5,"28":6,"29":6,"30":6,"31":6,"32":1,"33":1,"34":5,"35":0,"36":5,"37":1,"38":1,"39":1,"40":0,"41":5,"42":3,"43":3,"44":3,"45":3,"46":1,"47":1,"48":2,"49":0,"50":5,"51":1,"52":1,"53":1,"54":0,"55":5},"f":{"0":18,"1":1,"2":6,"3":1,"4":3,"5":1},"b":{"0":[5,5],"1":[1,17],"2":[18,17],"3":[2,14],"4":[1,5],"5":[1,2]}}
,"C:\\Users\\seavs\\OneDrive\\Masaüstü\\pern-todo\\server\\routes\\auth.ts": {"path":"C:\\Users\\seavs\\OneDrive\\Masaüstü\\pern-todo\\server\\routes\\auth.ts","statementMap":{"0":{"start":{"line":1,"column":0},"end":{"line":1,"column":53}},"1":{"start":{"line":2,"column":0},"end":{"line":2,"column":30}},"2":{"start":{"line":3,"column":0},"end":{"line":3,"column":31}},"3":{"start":{"line":4,"column":0},"end":{"line":4,"column":25}},"4":{"start":{"line":5,"column":0},"end":{"line":5,"column":46}},"5":{"start":{"line":6,"column":0},"end":{"line":6,"column":57}},"6":{"start":{"line":9,"column":15},"end":{"line":9,"column":31}},"7":{"start":{"line":10,"column":19},"end":{"line":10,"column":78}},"8":{"start":{"line":13,"column":0},"end":{"line":48,"column":3}},"9":{"start":{"line":14,"column":72},"end":{"line":14,"column":null}},"10":{"start":{"line":23,"column":2},"end":{"line":47,"column":3}},"11":{"start":{"line":24,"column":19},"end":{"line":26,"column":null}},"12":{"start":{"line":28,"column":4},"end":{"line":31,"column":5}},"13":{"start":{"line":29,"column":6},"end":{"line":29,"column":64}},"14":{"start":{"line":30,"column":6},"end":{"line":30,"column":13}},"15":{"start":{"line":32,"column":26},"end":{"line":32,"column":57}},"16":{"start":{"line":33,"column":19},"end":{"line":35,"column":null}},"17":{"start":{"line":37,"column":21},"end":{"line":37,"column":35}},"18":{"start":{"line":38,"column":18},"end":{"line":41,"column":null}},"19":{"start":{"line":43,"column":4},"end":{"line":43,"column":46}},"20":{"start":{"line":45,"column":4},"end":{"line":45,"column":61}},"21":{"start":{"line":46,"column":4},"end":{"line":46,"column":52}},"22":{"start":{"line":51,"column":0},"end":{"line":89,"column":3}},"23":{"start":{"line":52,"column":30},"end":{"line":52,"column":77}},"24":{"start":{"line":53,"column":2},"end":{"line":88,"column":3}},"25":{"start":{"line":54,"column":19},"end":{"line":56,"column":null}},"26":{"start":{"line":58,"column":4},"end":{"line":61,"column":5}},"27":{"start":{"line":59,"column":6},"end":{"line":59,"column":65}},"28":{"start":{"line":60,"column":6},"end":{"line":60,"column":13}},"29":{"start":{"line":62,"column":21},"end":{"line":62,"column":35}},"30":{"start":{"line":63,"column":4},"end":{"line":66,"column":5}},"31":{"start":{"line":64,"column":6},"end":{"line":64,"column":65}},"32":{"start":{"line":65,"column":6},"end":{"line":65,"column":13}},"33":{"start":{"line":67,"column":18},"end":{"line":67,"column":72}},"34":{"start":{"line":68,"column":4},"end":{"line":71,"column":5}},"35":{"start":{"line":69,"column":6},"end":{"line":69,"column":65}},"36":{"start":{"line":70,"column":6},"end":{"line":70,"column":13}},"37":{"start":{"line":72,"column":18},"end":{"line":75,"column":null}},"38":{"start":{"line":77,"column":4},"end":{"line":84,"column":7}},"39":{"start":{"line":86,"column":4},"end":{"line":86,"column":58}},"40":{"start":{"line":87,"column":4},"end":{"line":87,"column":52}},"41":{"start":{"line":92,"column":0},"end":{"line":105,"column":3}},"42":{"start":{"line":93,"column":15},"end":{"line":93,"column":40}},"43":{"start":{"line":94,"column":2},"end":{"line":97,"column":3}},"44":{"start":{"line":95,"column":4},"end":{"line":95,"column":53}},"45":{"start":{"line":96,"column":4},"end":{"line":96,"column":11}},"46":{"start":{"line":98,"column":2},"end":{"line":104,"column":3}},"47":{"start":{"line":99,"column":18},"end":{"line":99,"column":36}},"48":{"start":{"line":100,"column":20},"end":{"line":100,"column":91}},"49":{"start":{"line":101,"column":4},"end":{"line":101,"column":73}},"50":{"start":{"line":103,"column":4},"end":{"line":103,"column":54}},"51":{"start":{"line":107,"column":0},"end":{"line":107,"column":22}}},"fnMap":{"0":{"name":"(anonymous_1)","decl":{"start":{"line":13,"column":51},"end":{"line":13,"column":56}},"loc":{"start":{"line":13,"column":89},"end":{"line":48,"column":1}}},"1":{"name":"(anonymous_2)","decl":{"start":{"line":51,"column":45},"end":{"line":51,"column":50}},"loc":{"start":{"line":51,"column":83},"end":{"line":89,"column":1}}},"2":{"name":"(anonymous_3)","decl":{"start":{"line":92,"column":18},"end":{"line":92,"column":19}},"loc":{"start":{"line":92,"column":50},"end":{"line":105,"column":1}}}},"branchMap":{"0":{"loc":{"start":{"line":10,"column":19},"end":{"line":10,"column":78}},"type":"binary-expr","locations":[{"start":{"line":10,"column":19},"end":{"line":10,"column":41}},{"start":{"line":10,"column":45},"end":{"line":10,"column":78}}]},"1":{"loc":{"start":{"line":28,"column":4},"end":{"line":31,"column":5}},"type":"if","locations":[{"start":{"line":28,"column":4},"end":{"line":31,"column":5}},{"start":{},"end":{}}]},"2":{"loc":{"start":{"line":35,"column":40},"end":{"line":35,"column":53}},"type":"binary-expr","locations":[{"start":{"line":35,"column":40},"end":{"line":35,"column":45}},{"start":{"line":35,"column":49},"end":{"line":35,"column":53}}]},"3":{"loc":{"start":{"line":35,"column":55},"end":{"line":35,"column":70}},"type":"binary-expr","locations":[{"start":{"line":35,"column":55},"end":{"line":35,"column":62}},{"start":{"line":35,"column":66},"end":{"line":35,"column":70}}]},"4":{"loc":{"start":{"line":35,"column":72},"end":{"line":35,"column":84}},"type":"binary-expr","locations":[{"start":{"line":35,"column":72},"end":{"line":35,"column":76}},{"start":{"line":35,"column":80},"end":{"line":35,"column":84}}]},"5":{"loc":{"start":{"line":35,"column":86},"end":{"line":35,"column":101}},"type":"binary-expr","locations":[{"start":{"line":35,"column":86},"end":{"line":35,"column":93}},{"start":{"line":35,"column":97},"end":{"line":35,"column":101}}]},"6":{"loc":{"start":{"line":58,"column":4},"end":{"line":61,"column":5}},"type":"if","locations":[{"start":{"line":58,"column":4},"end":{"line":61,"column":5}},{"start":{},"end":{}}]},"7":{"loc":{"start":{"line":63,"column":4},"end":{"line":66,"column":5}},"type":"if","locations":[{"start":{"line":63,"column":4},"end":{"line":66,"column":5}},{"start":{},"end":{}}]},"8":{"loc":{"start":{"line":68,"column":4},"end":{"line":71,"column":5}},"type":"if","locations":[{"start":{"line":68,"column":4},"end":{"line":71,"column":5}},{"start":{},"end":{}}]},"9":{"loc":{"start":{"line":94,"column":2},"end":{"line":97,"column":3}},"type":"if","locations":[{"start":{"line":94,"column":2},"end":{"line":97,"column":3}},{"start":{},"end":{}}]},"10":{"loc":{"start":{"line":94,"column":6},"end":{"line":94,"column":42}},"type":"binary-expr","locations":[{"start":{"line":94,"column":6},"end":{"line":94,"column":11}},{"start":{"line":94,"column":15},"end":{"line":94,"column":42}}]}},"s":{"0":5,"1":5,"2":5,"3":5,"4":5,"5":5,"6":5,"7":5,"8":5,"9":2,"10":2,"11":2,"12":2,"13":1,"14":1,"15":1,"16":1,"17":1,"18":1,"19":1,"20":0,"21":0,"22":5,"23":3,"24":3,"25":3,"26":3,"27":1,"28":1,"29":2,"30":2,"31":0,"32":0,"33":2,"34":2,"35":1,"36":1,"37":1,"38":1,"39":0,"40":0,"41":5,"42":4,"43":4,"44":1,"45":1,"46":3,"47":3,"48":3,"49":1,"50":2,"51":5},"f":{"0":2,"1":3,"2":4},"b":{"0":[5,5],"1":[1,1],"2":[1,1],"3":[1,1],"4":[1,1],"5":[1,1],"6":[1,2],"7":[0,2],"8":[1,1],"9":[1,3],"10":[4,3]}}
,"C:\\Users\\seavs\\OneDrive\\Masaüstü\\pern-todo\\server\\routes\\orders.ts": {"path":"C:\\Users\\seavs\\OneDrive\\Masaüstü\\pern-todo\\server\\routes\\orders.ts","statementMap":{"0":{"start":{"line":1,"column":0},"end":{"line":1,"column":53}},"1":{"start":{"line":2,"column":0},"end":{"line":2,"column":31}},"2":{"start":{"line":3,"column":0},"end":{"line":3,"column":25}},"3":{"start":{"line":4,"column":0},"end":{"line":4,"column":46}},"4":{"start":{"line":5,"column":0},"end":{"line":5,"column":47}},"5":{"start":{"line":8,"column":15},"end":{"line":8,"column":31}},"6":{"start":{"line":9,"column":19},"end":{"line":9,"column":78}},"7":{"start":{"line":12,"column":0},"end":{"line":62,"column":3}},"8":{"start":{"line":13,"column":38},"end":{"line":13,"column":null}},"9":{"start":{"line":18,"column":34},"end":{"line":18,"column":38}},"10":{"start":{"line":19,"column":15},"end":{"line":19,"column":40}},"11":{"start":{"line":20,"column":2},"end":{"line":27,"column":3}},"12":{"start":{"line":21,"column":4},"end":{"line":26,"column":5}},"13":{"start":{"line":22,"column":22},"end":{"line":22,"column":91}},"14":{"start":{"line":23,"column":6},"end":{"line":23,"column":39}},"15":{"start":{"line":29,"column":17},"end":{"line":29,"column":37}},"16":{"start":{"line":30,"column":2},"end":{"line":61,"column":3}},"17":{"start":{"line":31,"column":4},"end":{"line":31,"column":32}},"18":{"start":{"line":32,"column":25},"end":{"line":34,"column":null}},"19":{"start":{"line":33,"column":21},"end":{"line":33,"column":58}},"20":{"start":{"line":36,"column":24},"end":{"line":38,"column":null}},"21":{"start":{"line":40,"column":21},"end":{"line":40,"column":49}},"22":{"start":{"line":42,"column":4},"end":{"line":52,"column":5}},"23":{"start":{"line":43,"column":23},"end":{"line":43,"column":54}},"24":{"start":{"line":44,"column":6},"end":{"line":47,"column":8}},"25":{"start":{"line":48,"column":6},"end":{"line":51,"column":8}},"26":{"start":{"line":53,"column":4},"end":{"line":53,"column":33}},"27":{"start":{"line":54,"column":4},"end":{"line":54,"column":72}},"28":{"start":{"line":56,"column":4},"end":{"line":56,"column":35}},"29":{"start":{"line":57,"column":4},"end":{"line":57,"column":58}},"30":{"start":{"line":58,"column":4},"end":{"line":58,"column":62}},"31":{"start":{"line":60,"column":4},"end":{"line":60,"column":21}},"32":{"start":{"line":65,"column":0},"end":{"line":92,"column":3}},"33":{"start":{"line":66,"column":15},"end":{"line":66,"column":40}},"34":{"start":{"line":67,"column":2},"end":{"line":70,"column":3}},"35":{"start":{"line":68,"column":4},"end":{"line":68,"column":53}},"36":{"start":{"line":69,"column":4},"end":{"line":69,"column":11}},"37":{"start":{"line":71,"column":2},"end":{"line":91,"column":3}},"38":{"start":{"line":72,"column":20},"end":{"line":72,"column":89}},"39":{"start":{"line":73,"column":19},"end":{"line":86,"column":null}},"40":{"start":{"line":88,"column":4},"end":{"line":88,"column":26}},"41":{"start":{"line":90,"column":4},"end":{"line":90,"column":54}},"42":{"start":{"line":95,"column":0},"end":{"line":111,"column":3}},"43":{"start":{"line":96,"column":2},"end":{"line":110,"column":3}},"44":{"start":{"line":97,"column":19},"end":{"line":97,"column":29}},"45":{"start":{"line":98,"column":18},"end":{"line":98,"column":91}},"46":{"start":{"line":99,"column":4},"end":{"line":102,"column":5}},"47":{"start":{"line":100,"column":6},"end":{"line":100,"column":60}},"48":{"start":{"line":101,"column":6},"end":{"line":101,"column":13}},"49":{"start":{"line":103,"column":18},"end":{"line":105,"column":null}},"50":{"start":{"line":107,"column":4},"end":{"line":107,"column":54}},"51":{"start":{"line":109,"column":4},"end":{"line":109,"column":60}},"52":{"start":{"line":113,"column":0},"end":{"line":113,"column":22}}},"fnMap":{"0":{"name":"(anonymous_1)","decl":{"start":{"line":12,"column":46},"end":{"line":12,"column":51}},"loc":{"start":{"line":12,"column":84},"end":{"line":62,"column":1}}},"1":{"name":"(anonymous_2)","decl":{"start":{"line":33,"column":6},"end":{"line":33,"column":7}},"loc":{"start":{"line":33,"column":21},"end":{"line":33,"column":58}}},"2":{"name":"(anonymous_3)","decl":{"start":{"line":65,"column":18},"end":{"line":65,"column":23}},"loc":{"start":{"line":65,"column":56},"end":{"line":92,"column":1}}},"3":{"name":"(anonymous_4)","decl":{"start":{"line":95,"column":19},"end":{"line":95,"column":24}},"loc":{"start":{"line":95,"column":57},"end":{"line":111,"column":1}}}},"branchMap":{"0":{"loc":{"start":{"line":9,"column":19},"end":{"line":9,"column":78}},"type":"binary-expr","locations":[{"start":{"line":9,"column":19},"end":{"line":9,"column":41}},{"start":{"line":9,"column":45},"end":{"line":9,"column":78}}]},"1":{"loc":{"start":{"line":20,"column":2},"end":{"line":27,"column":3}},"type":"if","locations":[{"start":{"line":20,"column":2},"end":{"line":27,"column":3}},{"start":{},"end":{}}]},"2":{"loc":{"start":{"line":20,"column":6},"end":{"line":20,"column":40}},"type":"binary-expr","locations":[{"start":{"line":20,"column":6},"end":{"line":20,"column":10}},{"start":{"line":20,"column":14},"end":{"line":20,"column":40}}]},"3":{"loc":{"start":{"line":38,"column":32},"end":{"line":38,"column":54}},"type":"binary-expr","locations":[{"start":{"line":38,"column":32},"end":{"line":38,"column":48}},{"start":{"line":38,"column":52},"end":{"line":38,"column":54}}]},"4":{"loc":{"start":{"line":67,"column":2},"end":{"line":70,"column":3}},"type":"if","locations":[{"start":{"line":67,"column":2},"end":{"line":70,"column":3}},{"start":{},"end":{}}]},"5":{"loc":{"start":{"line":67,"column":6},"end":{"line":67,"column":42}},"type":"binary-expr","locations":[{"start":{"line":67,"column":6},"end":{"line":67,"column":11}},{"start":{"line":67,"column":15},"end":{"line":67,"column":42}}]},"6":{"loc":{"start":{"line":99,"column":4},"end":{"line":102,"column":5}},"type":"if","locations":[{"start":{"line":99,"column":4},"end":{"line":102,"column":5}},{"start":{},"end":{}}]}},"s":{"0":5,"1":5,"2":5,"3":5,"4":5,"5":5,"6":5,"7":5,"8":3,"9":3,"10":3,"11":3,"12":1,"13":1,"14":1,"15":3,"16":3,"17":3,"18":3,"19":3,"20":3,"21":3,"22":3,"23":3,"24":3,"25":3,"26":3,"27":3,"28":0,"29":0,"30":0,"31":3,"32":5,"33":0,"34":0,"35":0,"36":0,"37":0,"38":0,"39":0,"40":0,"41":0,"42":5,"43":0,"44":0,"45":0,"46":0,"47":0,"48":0,"49":0,"50":0,"51":0,"52":5},"f":{"0":3,"1":3,"2":0,"3":0},"b":{"0":[5,5],"1":[1,2],"2":[3,1],"3":[3,3],"4":[0,0],"5":[0,0],"6":[0,0]}}
,"C:\\Users\\seavs\\OneDrive\\Masaüstü\\pern-todo\\server\\routes\\stripe.ts": {"path":"C:\\Users\\seavs\\OneDrive\\Masaüstü\\pern-todo\\server\\routes\\stripe.ts","statementMap":{"0":{"start":{"line":1,"column":0},"end":{"line":1,"column":53}},"1":{"start":{"line":2,"column":0},"end":{"line":2,"column":28}},"2":{"start":{"line":3,"column":0},"end":{"line":3,"column":25}},"3":{"start":{"line":4,"column":0},"end":{"line":4,"column":46}},"4":{"start":{"line":5,"column":0},"end":{"line":5,"column":75}},"5":{"start":{"line":7,"column":15},"end":{"line":7,"column":31}},"6":{"start":{"line":8,"column":15},"end":{"line":8,"column":66}},"7":{"start":{"line":11,"column":0},"end":{"line":33,"column":2}},"8":{"start":{"line":15,"column":43},"end":{"line":15,"column":null}},"9":{"start":{"line":20,"column":4},"end":{"line":31,"column":5}},"10":{"start":{"line":21,"column":28},"end":{"line":26,"column":8}},"11":{"start":{"line":27,"column":6},"end":{"line":27,"column":62}},"12":{"start":{"line":29,"column":6},"end":{"line":29,"column":61}},"13":{"start":{"line":30,"column":6},"end":{"line":30,"column":62}},"14":{"start":{"line":36,"column":0},"end":{"line":67,"column":3}},"15":{"start":{"line":37,"column":14},"end":{"line":37,"column":45}},"16":{"start":{"line":38,"column":24},"end":{"line":38,"column":57}},"17":{"start":{"line":40,"column":2},"end":{"line":43,"column":3}},"18":{"start":{"line":41,"column":4},"end":{"line":41,"column":71}},"19":{"start":{"line":42,"column":4},"end":{"line":42,"column":11}},"20":{"start":{"line":46,"column":2},"end":{"line":52,"column":3}},"21":{"start":{"line":47,"column":4},"end":{"line":47,"column":83}},"22":{"start":{"line":49,"column":4},"end":{"line":49,"column":70}},"23":{"start":{"line":50,"column":4},"end":{"line":50,"column":69}},"24":{"start":{"line":51,"column":4},"end":{"line":51,"column":11}},"25":{"start":{"line":54,"column":2},"end":{"line":64,"column":3}},"26":{"start":{"line":55,"column":26},"end":{"line":55,"column":67}},"27":{"start":{"line":56,"column":21},"end":{"line":56,"column":53}},"28":{"start":{"line":57,"column":4},"end":{"line":63,"column":5}},"29":{"start":{"line":58,"column":6},"end":{"line":61,"column":8}},"30":{"start":{"line":62,"column":6},"end":{"line":62,"column":69}},"31":{"start":{"line":66,"column":2},"end":{"line":66,"column":31}},"32":{"start":{"line":70,"column":0},"end":{"line":93,"column":2}},"33":{"start":{"line":74,"column":44},"end":{"line":74,"column":null}},"34":{"start":{"line":78,"column":4},"end":{"line":91,"column":5}},"35":{"start":{"line":79,"column":28},"end":{"line":79,"column":83}},"36":{"start":{"line":80,"column":6},"end":{"line":83,"column":7}},"37":{"start":{"line":81,"column":8},"end":{"line":81,"column":65}},"38":{"start":{"line":82,"column":8},"end":{"line":82,"column":15}},"39":{"start":{"line":84,"column":6},"end":{"line":87,"column":8}},"40":{"start":{"line":88,"column":6},"end":{"line":88,"column":66}},"41":{"start":{"line":90,"column":6},"end":{"line":90,"column":62}},"42":{"start":{"line":95,"column":0},"end":{"line":95,"column":22}}},"fnMap":{"0":{"name":"(anonymous_1)","decl":{"start":{"line":14,"column":2},"end":{"line":14,"column":7}},"loc":{"start":{"line":14,"column":40},"end":{"line":32,"column":3}}},"1":{"name":"(anonymous_2)","decl":{"start":{"line":36,"column":24},"end":{"line":36,"column":29}},"loc":{"start":{"line":36,"column":62},"end":{"line":67,"column":1}}},"2":{"name":"(anonymous_3)","decl":{"start":{"line":73,"column":2},"end":{"line":73,"column":7}},"loc":{"start":{"line":73,"column":40},"end":{"line":92,"column":3}}}},"branchMap":{"0":{"loc":{"start":{"line":40,"column":2},"end":{"line":43,"column":3}},"type":"if","locations":[{"start":{"line":40,"column":2},"end":{"line":43,"column":3}},{"start":{},"end":{}}]},"1":{"loc":{"start":{"line":40,"column":6},"end":{"line":40,"column":28}},"type":"binary-expr","locations":[{"start":{"line":40,"column":6},"end":{"line":40,"column":10}},{"start":{"line":40,"column":14},"end":{"line":40,"column":28}}]},"2":{"loc":{"start":{"line":54,"column":2},"end":{"line":64,"column":3}},"type":"if","locations":[{"start":{"line":54,"column":2},"end":{"line":64,"column":3}},{"start":{},"end":{}}]},"3":{"loc":{"start":{"line":57,"column":4},"end":{"line":63,"column":5}},"type":"if","locations":[{"start":{"line":57,"column":4},"end":{"line":63,"column":5}},{"start":{},"end":{}}]},"4":{"loc":{"start":{"line":80,"column":6},"end":{"line":83,"column":7}},"type":"if","locations":[{"start":{"line":80,"column":6},"end":{"line":83,"column":7}},{"start":{},"end":{}}]}},"s":{"0":5,"1":5,"2":5,"3":5,"4":5,"5":5,"6":5,"7":5,"8":1,"9":1,"10":1,"11":1,"12":0,"13":0,"14":5,"15":4,"16":4,"17":4,"18":1,"19":1,"20":3,"21":3,"22":1,"23":1,"24":1,"25":2,"26":1,"27":1,"28":1,"29":1,"30":1,"31":2,"32":5,"33":2,"34":2,"35":2,"36":2,"37":1,"38":1,"39":1,"40":1,"41":0,"42":5},"f":{"0":1,"1":4,"2":2},"b":{"0":[1,3],"1":[4,3],"2":[1,1],"3":[1,0],"4":[1,1]}}
}
