TN:
SF:app.ts
FN:49,(anonymous_1)
FN:66,(anonymous_2)
FNF:2
FNH:2
FNDA:3,(anonymous_1)
FNDA:1,(anonymous_2)
DA:1,5
DA:2,5
DA:3,5
DA:4,5
DA:5,5
DA:6,5
DA:7,5
DA:9,5
DA:10,5
DA:11,5
DA:12,5
DA:13,5
DA:14,5
DA:16,5
DA:18,5
DA:25,5
DA:32,5
DA:33,5
DA:40,5
DA:41,5
DA:44,5
DA:46,5
DA:47,5
DA:49,5
DA:50,3
DA:51,3
DA:52,2
DA:54,1
DA:55,1
DA:59,5
DA:60,5
DA:61,5
DA:62,5
DA:63,5
DA:64,5
DA:66,5
DA:68,5
LF:37
LH:37
BRF:0
BRH:0
end_of_record
TN:
SF:schemas.ts
FNF:0
FNH:0
DA:1,6
DA:3,6
DA:13,6
DA:18,6
DA:31,6
DA:37,6
DA:42,6
DA:46,6
LF:8
LH:8
BRF:0
BRH:0
end_of_record
TN:
SF:middleware\validate.ts
FN:5,(anonymous_0)
FN:6,(anonymous_1)
FNF:2
FNH:2
FNDA:35,(anonymous_0)
FNDA:34,(anonymous_1)
DA:5,5
DA:6,35
DA:7,34
DA:8,34
DA:9,14
DA:13,14
DA:15,20
DA:16,20
DA:19,5
LF:9
LH:9
BRDA:8,0,0,14
BRDA:8,0,1,20
BRF:2
BRH:2
end_of_record
TN:
SF:routes\admin.ts
FN:12,(anonymous_1)
FN:37,(anonymous_2)
FN:65,(anonymous_3)
FN:84,(anonymous_4)
FN:98,(anonymous_5)
FN:117,(anonymous_6)
FNF:6
FNH:6
FNDA:18,(anonymous_1)
FNDA:1,(anonymous_2)
FNDA:6,(anonymous_3)
FNDA:1,(anonymous_4)
FNDA:3,(anonymous_5)
FNDA:1,(anonymous_6)
DA:1,5
DA:2,5
DA:3,5
DA:4,5
DA:5,5
DA:8,5
DA:9,5
DA:12,5
DA:13,18
DA:14,18
DA:15,1
DA:16,1
DA:18,17
DA:19,17
DA:20,17
DA:21,16
DA:25,16
DA:26,2
DA:27,2
DA:29,14
DA:30,14
DA:32,1
DA:37,5
DA:38,1
DA:39,1
DA:54,1
DA:56,0
DA:61,5
DA:66,6
DA:67,6
DA:68,6
DA:72,6
DA:73,1
DA:74,1
DA:76,5
DA:78,0
DA:84,5
DA:85,1
DA:86,1
DA:87,1
DA:89,0
DA:94,5
DA:99,3
DA:100,3
DA:101,3
DA:105,3
DA:106,1
DA:107,1
DA:109,2
DA:111,0
DA:117,5
DA:118,1
DA:119,1
DA:131,1
DA:138,0
DA:142,5
LF:56
LH:51
BRDA:9,0,0,5
BRDA:9,0,1,5
BRDA:14,1,0,1
BRDA:14,1,1,17
BRDA:14,2,0,18
BRDA:14,2,1,17
BRDA:25,3,0,2
BRDA:25,3,1,14
BRDA:72,4,0,1
BRDA:72,4,1,5
BRDA:105,5,0,1
BRDA:105,5,1,2
BRF:12
BRH:12
end_of_record
TN:
SF:routes\auth.ts
FN:13,(anonymous_1)
FN:51,(anonymous_2)
FN:92,(anonymous_3)
FNF:3
FNH:3
FNDA:2,(anonymous_1)
FNDA:3,(anonymous_2)
FNDA:4,(anonymous_3)
DA:1,5
DA:2,5
DA:3,5
DA:4,5
DA:5,5
DA:6,5
DA:9,5
DA:10,5
DA:13,5
DA:14,2
DA:23,2
DA:24,2
DA:28,2
DA:29,1
DA:30,1
DA:32,1
DA:33,1
DA:37,1
DA:38,1
DA:43,1
DA:45,0
DA:46,0
DA:51,5
DA:52,3
DA:53,3
DA:54,3
DA:58,3
DA:59,1
DA:60,1
DA:62,2
DA:63,2
DA:64,0
DA:65,0
DA:67,2
DA:68,2
DA:69,1
DA:70,1
DA:72,1
DA:77,1
DA:86,0
DA:87,0
DA:92,5
DA:93,4
DA:94,4
DA:95,1
DA:96,1
DA:98,3
DA:99,3
DA:100,3
DA:101,1
DA:103,2
DA:107,5
LF:52
LH:46
BRDA:10,0,0,5
BRDA:10,0,1,5
BRDA:28,1,0,1
BRDA:28,1,1,1
BRDA:35,2,0,1
BRDA:35,2,1,1
BRDA:35,3,0,1
BRDA:35,3,1,1
BRDA:35,4,0,1
BRDA:35,4,1,1
BRDA:35,5,0,1
BRDA:35,5,1,1
BRDA:58,6,0,1
BRDA:58,6,1,2
BRDA:63,7,0,0
BRDA:63,7,1,2
BRDA:68,8,0,1
BRDA:68,8,1,1
BRDA:94,9,0,1
BRDA:94,9,1,3
BRDA:94,10,0,4
BRDA:94,10,1,3
BRF:22
BRH:21
end_of_record
TN:
SF:routes\orders.ts
FN:12,(anonymous_1)
FN:33,(anonymous_2)
FN:65,(anonymous_3)
FN:95,(anonymous_4)
FNF:4
FNH:2
FNDA:3,(anonymous_1)
FNDA:3,(anonymous_2)
FNDA:0,(anonymous_3)
FNDA:0,(anonymous_4)
DA:1,5
DA:2,5
DA:3,5
DA:4,5
DA:5,5
DA:8,5
DA:9,5
DA:12,5
DA:13,3
DA:18,3
DA:19,3
DA:20,3
DA:21,1
DA:22,1
DA:23,1
DA:29,3
DA:30,3
DA:31,3
DA:32,3
DA:33,3
DA:36,3
DA:40,3
DA:42,3
DA:43,3
DA:44,3
DA:48,3
DA:53,3
DA:54,3
DA:56,0
DA:57,0
DA:58,0
DA:60,3
DA:65,5
DA:66,0
DA:67,0
DA:68,0
DA:69,0
DA:71,0
DA:72,0
DA:73,0
DA:88,0
DA:90,0
DA:95,5
DA:96,0
DA:97,0
DA:98,0
DA:99,0
DA:100,0
DA:101,0
DA:103,0
DA:107,0
DA:109,0
DA:113,5
LF:53
LH:32
BRDA:9,0,0,5
BRDA:9,0,1,5
BRDA:20,1,0,1
BRDA:20,1,1,2
BRDA:20,2,0,3
BRDA:20,2,1,1
BRDA:38,3,0,3
BRDA:38,3,1,3
BRDA:67,4,0,0
BRDA:67,4,1,0
BRDA:67,5,0,0
BRDA:67,5,1,0
BRDA:99,6,0,0
BRDA:99,6,1,0
BRF:14
BRH:8
end_of_record
TN:
SF:routes\stripe.ts
FN:14,(anonymous_1)
FN:36,(anonymous_2)
FN:73,(anonymous_3)
FNF:3
FNH:3
FNDA:1,(anonymous_1)
FNDA:4,(anonymous_2)
FNDA:2,(anonymous_3)
DA:1,5
DA:2,5
DA:3,5
DA:4,5
DA:5,5
DA:7,5
DA:8,5
DA:11,5
DA:15,1
DA:20,1
DA:21,1
DA:27,1
DA:29,0
DA:30,0
DA:36,5
DA:37,4
DA:38,4
DA:40,4
DA:41,1
DA:42,1
DA:46,3
DA:47,3
DA:49,1
DA:50,1
DA:51,1
DA:54,2
DA:55,1
DA:56,1
DA:57,1
DA:58,1
DA:62,1
DA:66,2
DA:70,5
DA:74,2
DA:78,2
DA:79,2
DA:80,2
DA:81,1
DA:82,1
DA:84,1
DA:88,1
DA:90,0
DA:95,5
LF:43
LH:40
BRDA:40,0,0,1
BRDA:40,0,1,3
BRDA:40,1,0,4
BRDA:40,1,1,3
BRDA:54,2,0,1
BRDA:54,2,1,1
BRDA:57,3,0,1
BRDA:57,3,1,0
BRDA:80,4,0,1
BRDA:80,4,1,1
BRF:10
BRH:9
end_of_record
